0 info it worked if it ends with ok
1 verbose cli [ '/home/htmldrum/.nvm/v0.10.25/bin/node',
1 verbose cli   '/home/htmldrum/.nvm/v0.10.25/bin/npm',
1 verbose cli   'start' ]
2 info using npm@1.3.24
3 info using node@v0.10.25
4 error Failed to parse json
4 error Unexpected string
5 error File: /home/htmldrum/Code/coldcrescent/projects/coldcrescent.github.io/package.json
6 error Failed to parse package.json data.
6 error package.json must be actual JSON, not just JavaScript.
6 error
6 error This is not a bug in npm.
6 error Tell the package author to fix their package.json file. JSON.parse
7 error System Linux 3.11.0-15-generic
8 error command "/home/htmldrum/.nvm/v0.10.25/bin/node" "/home/htmldrum/.nvm/v0.10.25/bin/npm" "start"
9 error cwd /home/htmldrum/Code/coldcrescent/projects/coldcrescent.github.io
10 error node -v v0.10.25
11 error npm -v 1.3.24
12 error file /home/htmldrum/Code/coldcrescent/projects/coldcrescent.github.io/package.json
13 error code EJSONPARSE
14 verbose exit [ 1, true ]
